<?xml version="1.0" encoding="UTF-8"?>
<testsuite name="com.persons.finder.PersonControllerTests" tests="6" skipped="0" failures="0" errors="0" timestamp="2023-11-12T08:54:33" hostname="LAPTOP-SDPI26CT" time="0.198">
  <properties/>
  <testcase name="createPersonTest()" classname="com.persons.finder.PersonControllerTests" time="0.098"/>
  <testcase name="searchByRadiusTest()" classname="com.persons.finder.PersonControllerTests" time="0.033"/>
  <testcase name="updateLocationTest()" classname="com.persons.finder.PersonControllerTests" time="0.014"/>
  <testcase name="Should return multiple persons by provided ids()" classname="com.persons.finder.PersonControllerTests" time="0.018"/>
  <testcase name="Should get all persons if param is not provided()" classname="com.persons.finder.PersonControllerTests" time="0.01"/>
  <testcase name="Should one persons when id is provided()" classname="com.persons.finder.PersonControllerTests" time="0.01"/>
  <system-out><![CDATA[2023-11-12 21:54:32.692  INFO 7272 --- [    Test worker] .b.t.c.SpringBootTestContextBootstrapper : Neither @ContextConfiguration nor @ContextHierarchy found for test class [com.persons.finder.PersonControllerTests], using SpringBootContextLoader
2023-11-12 21:54:32.693  INFO 7272 --- [    Test worker] o.s.t.c.support.AbstractContextLoader    : Could not detect default resource locations for test class [com.persons.finder.PersonControllerTests]: no resource found for suffixes {-context.xml, Context.groovy}.
2023-11-12 21:54:32.693  INFO 7272 --- [    Test worker] t.c.s.AnnotationConfigContextLoaderUtils : Could not detect default configuration classes for test class [com.persons.finder.PersonControllerTests]: PersonControllerTests does not declare any static, non-private, non-final, nested classes annotated with @Configuration.
2023-11-12 21:54:32.699  INFO 7272 --- [    Test worker] .b.t.c.SpringBootTestContextBootstrapper : Found @SpringBootConfiguration com.persons.finder.ApplicationStarter for test class com.persons.finder.PersonControllerTests
2023-11-12 21:54:32.703  INFO 7272 --- [    Test worker] .b.t.c.SpringBootTestContextBootstrapper : Loaded default TestExecutionListener class names from location [META-INF/spring.factories]: [org.springframework.boot.test.autoconfigure.restdocs.RestDocsTestExecutionListener, org.springframework.boot.test.autoconfigure.web.client.MockRestServiceServerResetTestExecutionListener, org.springframework.boot.test.autoconfigure.web.servlet.MockMvcPrintOnlyOnFailureTestExecutionListener, org.springframework.boot.test.autoconfigure.web.servlet.WebDriverTestExecutionListener, org.springframework.boot.test.autoconfigure.webservices.client.MockWebServiceServerTestExecutionListener, org.springframework.boot.test.mock.mockito.MockitoTestExecutionListener, org.springframework.boot.test.mock.mockito.ResetMocksTestExecutionListener, org.springframework.test.context.web.ServletTestExecutionListener, org.springframework.test.context.support.DirtiesContextBeforeModesTestExecutionListener, org.springframework.test.context.event.ApplicationEventsTestExecutionListener, org.springframework.test.context.support.DependencyInjectionTestExecutionListener, org.springframework.test.context.support.DirtiesContextTestExecutionListener, org.springframework.test.context.transaction.TransactionalTestExecutionListener, org.springframework.test.context.jdbc.SqlScriptsTestExecutionListener, org.springframework.test.context.event.EventPublishingTestExecutionListener]
2023-11-12 21:54:32.704  INFO 7272 --- [    Test worker] .b.t.c.SpringBootTestContextBootstrapper : Using TestExecutionListeners: [org.springframework.test.context.web.ServletTestExecutionListener@26fc464f, org.springframework.test.context.support.DirtiesContextBeforeModesTestExecutionListener@1174ff02, org.springframework.test.context.event.ApplicationEventsTestExecutionListener@1978eab7, org.springframework.boot.test.mock.mockito.MockitoTestExecutionListener@49dacc93, org.springframework.boot.test.autoconfigure.SpringBootDependencyInjectionTestExecutionListener@dd025d9, org.springframework.test.context.support.DirtiesContextTestExecutionListener@3bea478e, org.springframework.test.context.transaction.TransactionalTestExecutionListener@65192f16, org.springframework.test.context.jdbc.SqlScriptsTestExecutionListener@7ab8c972, org.springframework.test.context.event.EventPublishingTestExecutionListener@76cad511, org.springframework.boot.test.autoconfigure.restdocs.RestDocsTestExecutionListener@1ff52a71, org.springframework.boot.test.autoconfigure.web.client.MockRestServiceServerResetTestExecutionListener@3338d706, org.springframework.boot.test.autoconfigure.web.servlet.MockMvcPrintOnlyOnFailureTestExecutionListener@f776b4a, org.springframework.boot.test.autoconfigure.web.servlet.WebDriverTestExecutionListener@2fb555e8, org.springframework.boot.test.autoconfigure.webservices.client.MockWebServiceServerTestExecutionListener@19a544cd, org.springframework.boot.test.mock.mockito.ResetMocksTestExecutionListener@6c502018]

  .   ____          _            __ _ _
 /\\ / ___'_ __ _ _(_)_ __  __ _ \ \ \ \
( ( )\___ | '_ | '_| | '_ \/ _` | \ \ \ \
 \\/  ___)| |_)| | | | | || (_| |  ) ) ) )
  '  |____| .__|_| |_|_| |_\__, | / / / /
 =========|_|==============|___/=/_/_/_/
 :: Spring Boot ::                (v2.7.0)

2023-11-12 21:54:32.729  INFO 7272 --- [    Test worker] c.persons.finder.PersonControllerTests   : Starting PersonControllerTests using Java 17.0.9 on LAPTOP-SDPI26CT with PID 7272 (started by tienz in C:\Users\tienz\Documents\code\exam\persons-finder)
2023-11-12 21:54:32.729  INFO 7272 --- [    Test worker] c.persons.finder.PersonControllerTests   : No active profile set, falling back to 1 default profile: "default"
2023-11-12 21:54:32.951  INFO 7272 --- [    Test worker] .s.d.r.c.RepositoryConfigurationDelegate : Bootstrapping Spring Data JPA repositories in DEFAULT mode.
2023-11-12 21:54:32.980  INFO 7272 --- [    Test worker] .s.d.r.c.RepositoryConfigurationDelegate : Finished Spring Data repository scanning in 27 ms. Found 2 JPA repository interfaces.
2023-11-12 21:54:33.355  INFO 7272 --- [    Test worker] com.zaxxer.hikari.HikariDataSource       : HikariPool-2 - Starting...
2023-11-12 21:54:33.357  INFO 7272 --- [    Test worker] com.zaxxer.hikari.HikariDataSource       : HikariPool-2 - Start completed.
2023-11-12 21:54:33.371  INFO 7272 --- [    Test worker] o.hibernate.jpa.internal.util.LogHelper  : HHH000204: Processing PersistenceUnitInfo [name: default]
2023-11-12 21:54:33.379  INFO 7272 --- [    Test worker] org.hibernate.dialect.Dialect            : HHH000400: Using dialect: org.hibernate.dialect.H2Dialect
Hibernate: drop table if exists location CASCADE 
Hibernate: drop table if exists person CASCADE 
Hibernate: drop sequence if exists hibernate_sequence
Hibernate: create sequence hibernate_sequence start with 1 increment by 1
Hibernate: create table location (reference_id bigint not null, latitude double, longitude double, primary key (reference_id))
Hibernate: create table person (id bigint not null, name varchar(255), primary key (id))
2023-11-12 21:54:33.412  INFO 7272 --- [    Test worker] o.h.e.t.j.p.i.JtaPlatformInitiator       : HHH000490: Using JtaPlatform implementation: [org.hibernate.engine.transaction.jta.platform.internal.NoJtaPlatform]
2023-11-12 21:54:33.413  INFO 7272 --- [    Test worker] j.LocalContainerEntityManagerFactoryBean : Initialized JPA EntityManagerFactory for persistence unit 'default'
2023-11-12 21:54:33.586  WARN 7272 --- [    Test worker] JpaBaseConfiguration$JpaWebConfiguration : spring.jpa.open-in-view is enabled by default. Therefore, database queries may be performed during view rendering. Explicitly configure spring.jpa.open-in-view to disable this warning
2023-11-12 21:54:33.954  INFO 7272 --- [    Test worker] o.s.b.t.m.w.SpringBootMockServletContext : Initializing Spring TestDispatcherServlet ''
2023-11-12 21:54:33.955  INFO 7272 --- [    Test worker] o.s.t.web.servlet.TestDispatcherServlet  : Initializing Servlet ''
2023-11-12 21:54:33.955  INFO 7272 --- [    Test worker] o.s.t.web.servlet.TestDispatcherServlet  : Completed initialization in 0 ms
2023-11-12 21:54:33.966  INFO 7272 --- [    Test worker] c.persons.finder.PersonControllerTests   : Started PersonControllerTests in 1.259 seconds (JVM running for 9.138)
]]></system-out>
  <system-err><![CDATA[]]></system-err>
</testsuite>
