<?xml version="1.0" encoding="UTF-8"?>
<testsuite name="com.persons.finder.PersonServiceImplTests" tests="6" skipped="0" failures="0" errors="0" timestamp="2023-11-12T08:54:34" hostname="LAPTOP-SDPI26CT" time="0.026">
  <properties/>
  <testcase name="Should return empty list if ids provided has no locations()" classname="com.persons.finder.PersonServiceImplTests" time="0.003"/>
  <testcase name="Should call save() on person and location repository on create()" classname="com.persons.finder.PersonServiceImplTests" time="0.004"/>
  <testcase name="Should return a list with one person if only one id()" classname="com.persons.finder.PersonServiceImplTests" time="0.002"/>
  <testcase name="Should get multiple ids()" classname="com.persons.finder.PersonServiceImplTests" time="0.004"/>
  <testcase name="Should return PersonNotFoundException person with id not found()" classname="com.persons.finder.PersonServiceImplTests" time="0.004"/>
  <testcase name="Should get one by id()" classname="com.persons.finder.PersonServiceImplTests" time="0.002"/>
  <system-out><![CDATA[]]></system-out>
  <system-err><![CDATA[]]></system-err>
</testsuite>
